# JRE version: OpenJDK Runtime Environment (11.0.2+9) (build 11.0.2+9)
# Java VM: OpenJDK 64-Bit Server VM (11.0.2+9, mixed mode, tiered, compressed oops, g1 gc, windows-amd64)
Heap:
 garbage-first heap   total 262144K, used 191838K [0x00000000e0000000, 0x0000000100000000)
  region size 1024K, 73 young (74752K), 9 survivors (9216K)
 Metaspace       used 78458K, capacity 81042K, committed 81284K, reserved 325632K
  class space    used 9493K, capacity 10453K, committed 10572K, reserved 253952K
GC Heap History (10 events):
Event: 1928.592 GC heap before
{Heap before GC invocations=41 (full 0):
 garbage-first heap   total 262144K, used 217786K [0x00000000e0000000, 0x0000000100000000)
  region size 1024K, 118 young (120832K), 12 survivors (12288K)
 Metaspace       used 76645K, capacity 79056K, committed 79236K, reserved 323584K
  class space    used 9313K, capacity 10219K, committed 10316K, reserved 253952K
}
Event: 1928.651 GC heap after
{Heap after GC invocations=42 (full 0):
 garbage-first heap   total 262144K, used 114052K [0x00000000e0000000, 0x0000000100000000)
  region size 1024K, 10 young (10240K), 10 survivors (10240K)
 Metaspace       used 76645K, capacity 79056K, committed 79236K, reserved 323584K
  class space    used 9313K, capacity 10219K, committed 10316K, reserved 253952K
}
Event: 1929.922 GC heap before
{Heap before GC invocations=42 (full 0):
 garbage-first heap   total 262144K, used 215428K [0x00000000e0000000, 0x0000000100000000)
  region size 1024K, 109 young (111616K), 10 survivors (10240K)
 Metaspace       used 78188K, capacity 80673K, committed 80900K, reserved 325632K
  class space    used 9487K, capacity 10418K, committed 10444K, reserved 253952K
}
Event: 1929.933 GC heap after
{Heap after GC invocations=43 (full 0):
 garbage-first heap   total 262144K, used 118602K [0x00000000e0000000, 0x0000000100000000)
  region size 1024K, 11 young (11264K), 11 survivors (11264K)
 Metaspace       used 78188K, capacity 80673K, committed 80900K, reserved 325632K
  class space    used 9487K, capacity 10418K, committed 10444K, reserved 253952K
}
Event: 1930.723 GC heap before
{Heap before GC invocations=43 (full 0):
 garbage-first heap   total 262144K, used 215882K [0x00000000e0000000, 0x0000000100000000)
  region size 1024K, 106 young (108544K), 11 survivors (11264K)
 Metaspace       used 78306K, capacity 80844K, committed 81028K, reserved 325632K
  class space    used 9492K, capacity 10453K, committed 10572K, reserved 253952K
}
Event: 1930.742 GC heap after
{Heap after GC invocations=44 (full 0):
 garbage-first heap   total 262144K, used 123745K [0x00000000e0000000, 0x0000000100000000)
  region size 1024K, 14 young (14336K), 14 survivors (14336K)
 Metaspace       used 78306K, capacity 80844K, committed 81028K, reserved 325632K
  class space    used 9492K, capacity 10453K, committed 10572K, reserved 253952K
}
Event: 4666.944 GC heap before
{Heap before GC invocations=44 (full 0):
 garbage-first heap   total 262144K, used 209761K [0x00000000e0000000, 0x0000000100000000)
  region size 1024K, 98 young (100352K), 14 survivors (14336K)
 Metaspace       used 78447K, capacity 81039K, committed 81284K, reserved 325632K
  class space    used 9492K, capacity 10453K, committed 10572K, reserved 253952K
}
Event: 4667.005 GC heap after
{Heap after GC invocations=45 (full 0):
 garbage-first heap   total 262144K, used 122761K [0x00000000e0000000, 0x0000000100000000)
  region size 1024K, 4 young (4096K), 4 survivors (4096K)
 Metaspace       used 78447K, capacity 81039K, committed 81284K, reserved 325632K
  class space    used 9492K, capacity 10453K, committed 10572K, reserved 253952K
}
Event: 4667.717 GC heap before
{Heap before GC invocations=45 (full 0):
 garbage-first heap   total 262144K, used 213897K [0x00000000e0000000, 0x0000000100000000)
  region size 1024K, 94 young (96256K), 4 survivors (4096K)
 Metaspace       used 78453K, capacity 81042K, committed 81284K, reserved 325632K
  class space    used 9492K, capacity 10453K, committed 10572K, reserved 253952K
}
Event: 4667.760 GC heap after
{Heap after GC invocations=46 (full 0):
 garbage-first heap   total 262144K, used 127326K [0x00000000e0000000, 0x0000000100000000)
  region size 1024K, 9 young (9216K), 9 survivors (9216K)
 Metaspace       used 78453K, capacity 81042K, committed 81284K, reserved 325632K
  class space    used 9492K, capacity 10453K, committed 10572K, reserved 253952K
}

