<?xml version="1.0" encoding="UTF-8"?>
<testsuite name="com.dhk.tutorial.domain.PostRepositoryTest" tests="2" skipped="0" failures="0" errors="0" timestamp="2020-07-14T15:16:10" hostname="LAPTOP-79S2IK6R" time="0.094">
  <properties/>
  <testcase name="게시글저장_불러오기" classname="com.dhk.tutorial.domain.PostRepositoryTest" time="0.072"/>
  <testcase name="BaseTimeEntity_등록" classname="com.dhk.tutorial.domain.PostRepositoryTest" time="0.02"/>
  <system-out><![CDATA[2020-07-15 00:16:08.139  INFO 456 --- [    Test worker] .b.t.c.SpringBootTestContextBootstrapper : Neither @ContextConfiguration nor @ContextHierarchy found for test class [com.dhk.tutorial.domain.PostRepositoryTest], using SpringBootContextLoader
2020-07-15 00:16:08.152  INFO 456 --- [    Test worker] o.s.t.c.support.AbstractContextLoader    : Could not detect default resource locations for test class [com.dhk.tutorial.domain.PostRepositoryTest]: no resource found for suffixes {-context.xml, Context.groovy}.
2020-07-15 00:16:08.153  INFO 456 --- [    Test worker] t.c.s.AnnotationConfigContextLoaderUtils : Could not detect default configuration classes for test class [com.dhk.tutorial.domain.PostRepositoryTest]: PostRepositoryTest does not declare any static, non-private, non-final, nested classes annotated with @Configuration.
2020-07-15 00:16:08.167  INFO 456 --- [    Test worker] .b.t.c.SpringBootTestContextBootstrapper : Found @SpringBootConfiguration com.dhk.tutorial.Application for test class com.dhk.tutorial.domain.PostRepositoryTest
2020-07-15 00:16:08.180  INFO 456 --- [    Test worker] .b.t.c.SpringBootTestContextBootstrapper : Loaded default TestExecutionListener class names from location [META-INF/spring.factories]: [org.springframework.security.test.context.support.WithSecurityContextTestExecutionListener, org.springframework.security.test.context.support.ReactorContextTestExecutionListener, org.springframework.boot.test.autoconfigure.restdocs.RestDocsTestExecutionListener, org.springframework.boot.test.autoconfigure.web.client.MockRestServiceServerResetTestExecutionListener, org.springframework.boot.test.autoconfigure.web.servlet.MockMvcPrintOnlyOnFailureTestExecutionListener, org.springframework.boot.test.autoconfigure.web.servlet.WebDriverTestExecutionListener, org.springframework.boot.test.mock.mockito.MockitoTestExecutionListener, org.springframework.boot.test.mock.mockito.ResetMocksTestExecutionListener, org.springframework.test.context.web.ServletTestExecutionListener, org.springframework.test.context.support.DirtiesContextBeforeModesTestExecutionListener, org.springframework.test.context.support.DependencyInjectionTestExecutionListener, org.springframework.test.context.support.DirtiesContextTestExecutionListener, org.springframework.test.context.transaction.TransactionalTestExecutionListener, org.springframework.test.context.jdbc.SqlScriptsTestExecutionListener]
2020-07-15 00:16:08.182  INFO 456 --- [    Test worker] .b.t.c.SpringBootTestContextBootstrapper : Using TestExecutionListeners: [org.springframework.test.context.web.ServletTestExecutionListener@42a1a10, org.springframework.test.context.support.DirtiesContextBeforeModesTestExecutionListener@63217d33, org.springframework.boot.test.mock.mockito.MockitoTestExecutionListener@3c5d3c98, org.springframework.boot.test.autoconfigure.SpringBootDependencyInjectionTestExecutionListener@4d00e2ab, org.springframework.test.context.support.DirtiesContextTestExecutionListener@192e9b81, org.springframework.test.context.transaction.TransactionalTestExecutionListener@710eb572, org.springframework.test.context.jdbc.SqlScriptsTestExecutionListener@24e2ee37, org.springframework.security.test.context.support.WithSecurityContextTestExecutionListener@6e3d55ba, org.springframework.security.test.context.support.ReactorContextTestExecutionListener@3a2396f, org.springframework.boot.test.autoconfigure.restdocs.RestDocsTestExecutionListener@783b94c, org.springframework.boot.test.autoconfigure.web.client.MockRestServiceServerResetTestExecutionListener@34a36cdd, org.springframework.boot.test.autoconfigure.web.servlet.MockMvcPrintOnlyOnFailureTestExecutionListener@30b77f76, org.springframework.boot.test.autoconfigure.web.servlet.WebDriverTestExecutionListener@22cc414e, org.springframework.boot.test.mock.mockito.ResetMocksTestExecutionListener@381fc582]

  .   ____          _            __ _ _
 /\\ / ___'_ __ _ _(_)_ __  __ _ \ \ \ \
( ( )\___ | '_ | '_| | '_ \/ _` | \ \ \ \
 \\/  ___)| |_)| | | | | || (_| |  ) ) ) )
  '  |____| .__|_| |_|_| |_\__, | / / / /
 =========|_|==============|___/=/_/_/_/
 :: Spring Boot ::        (v2.1.7.RELEASE)

2020-07-15 00:16:08.282  INFO 456 --- [    Test worker] c.d.tutorial.domain.PostRepositoryTest   : Starting PostRepositoryTest on LAPTOP-79S2IK6R with PID 456 (started by bkuek in D:\springboot-webservice2)
2020-07-15 00:16:08.282  INFO 456 --- [    Test worker] c.d.tutorial.domain.PostRepositoryTest   : The following profiles are active: oauth
2020-07-15 00:16:08.619  INFO 456 --- [    Test worker] .s.d.r.c.RepositoryConfigurationDelegate : Bootstrapping Spring Data repositories in DEFAULT mode.
2020-07-15 00:16:08.643  INFO 456 --- [    Test worker] .s.d.r.c.RepositoryConfigurationDelegate : Finished Spring Data repository scanning in 23ms. Found 2 repository interfaces.
2020-07-15 00:16:08.794  INFO 456 --- [    Test worker] trationDelegate$BeanPostProcessorChecker : Bean 'org.springframework.transaction.annotation.ProxyTransactionManagementConfiguration' of type [org.springframework.transaction.annotation.ProxyTransactionManagementConfiguration$$EnhancerBySpringCGLIB$$1ab7db13] is not eligible for getting processed by all BeanPostProcessors (for example: not eligible for auto-proxying)
2020-07-15 00:16:08.897  INFO 456 --- [    Test worker] com.zaxxer.hikari.HikariDataSource       : HikariPool-2 - Starting...
2020-07-15 00:16:08.899  INFO 456 --- [    Test worker] com.zaxxer.hikari.HikariDataSource       : HikariPool-2 - Start completed.
2020-07-15 00:16:08.935  INFO 456 --- [    Test worker] o.hibernate.jpa.internal.util.LogHelper  : HHH000204: Processing PersistenceUnitInfo [
	name: default
	...]
2020-07-15 00:16:08.946  INFO 456 --- [    Test worker] org.hibernate.dialect.Dialect            : HHH000400: Using dialect: org.hibernate.dialect.MySQL5InnoDBDialect
Hibernate: drop table if exists posts
Hibernate: drop table if exists user
Hibernate: create table posts (id bigint not null auto_increment, created_date datetime, modified_date datetime, author varchar(255), content TEXT not null, title varchar(500) not null, primary key (id)) engine=InnoDB
Hibernate: create table user (id bigint not null auto_increment, email varchar(255) not null, name varchar(255) not null, picture varchar(255), roles varchar(255), primary key (id)) engine=InnoDB
2020-07-15 00:16:09.006  INFO 456 --- [    Test worker] o.h.t.schema.internal.SchemaCreatorImpl  : HHH000476: Executing import script 'org.hibernate.tool.schema.internal.exec.ScriptSourceInputNonExistentImpl@2939ffdc'
2020-07-15 00:16:09.007  INFO 456 --- [    Test worker] j.LocalContainerEntityManagerFactoryBean : Initialized JPA EntityManagerFactory for persistence unit 'default'
2020-07-15 00:16:09.293  INFO 456 --- [    Test worker] o.h.h.i.QueryTranslatorFactoryInitiator  : HHH000397: Using ASTQueryTranslatorFactory
2020-07-15 00:16:09.503  INFO 456 --- [    Test worker] o.s.s.web.DefaultSecurityFilterChain     : Creating filter chain: any request, [org.springframework.security.web.context.request.async.WebAsyncManagerIntegrationFilter@6591bacf, org.springframework.security.web.context.SecurityContextPersistenceFilter@5df5c877, org.springframework.security.web.header.HeaderWriterFilter@50f6d123, org.springframework.security.web.authentication.logout.LogoutFilter@2eaae0d7, org.springframework.security.oauth2.client.web.OAuth2AuthorizationRequestRedirectFilter@6b70ce16, org.springframework.security.oauth2.client.web.OAuth2LoginAuthenticationFilter@3eff07c3, org.springframework.security.web.authentication.ui.DefaultLoginPageGeneratingFilter@5d6f3d7d, org.springframework.security.web.authentication.ui.DefaultLogoutPageGeneratingFilter@5ce30e5e, org.springframework.security.web.savedrequest.RequestCacheAwareFilter@7d6dca2c, org.springframework.security.web.servletapi.SecurityContextHolderAwareRequestFilter@1b74636b, org.springframework.security.web.authentication.AnonymousAuthenticationFilter@318e7baa, org.springframework.security.web.session.SessionManagementFilter@34de5068, org.springframework.security.web.access.ExceptionTranslationFilter@34b28144, org.springframework.security.web.access.intercept.FilterSecurityInterceptor@32d16340]
2020-07-15 00:16:09.867  INFO 456 --- [    Test worker] o.s.s.concurrent.ThreadPoolTaskExecutor  : Initializing ExecutorService 'applicationTaskExecutor'
2020-07-15 00:16:09.882  WARN 456 --- [    Test worker] aWebConfiguration$JpaWebMvcConfiguration : spring.jpa.open-in-view is enabled by default. Therefore, database queries may be performed during view rendering. Explicitly configure spring.jpa.open-in-view to disable this warning
2020-07-15 00:16:09.914  INFO 456 --- [    Test worker] o.s.b.a.w.s.WelcomePageHandlerMapping    : Adding welcome page template: index
2020-07-15 00:16:10.379  INFO 456 --- [    Test worker] s.a.ScheduledAnnotationBeanPostProcessor : No TaskScheduler/ScheduledExecutorService bean found for scheduled processing
2020-07-15 00:16:10.384  INFO 456 --- [    Test worker] c.d.tutorial.domain.PostRepositoryTest   : Started PostRepositoryTest in 2.192 seconds (JVM running for 15.52)
Hibernate: insert into posts (created_date, modified_date, author, content, title) values (?, ?, ?, ?, ?)
Hibernate: select posts0_.id as id1_0_, posts0_.created_date as created_2_0_, posts0_.modified_date as modified3_0_, posts0_.author as author4_0_, posts0_.content as content5_0_, posts0_.title as title6_0_ from posts posts0_
Hibernate: select posts0_.id as id1_0_, posts0_.created_date as created_2_0_, posts0_.modified_date as modified3_0_, posts0_.author as author4_0_, posts0_.content as content5_0_, posts0_.title as title6_0_ from posts posts0_
Hibernate: delete from posts where id=?
Hibernate: insert into posts (created_date, modified_date, author, content, title) values (?, ?, ?, ?, ?)
Hibernate: select posts0_.id as id1_0_, posts0_.created_date as created_2_0_, posts0_.modified_date as modified3_0_, posts0_.author as author4_0_, posts0_.content as content5_0_, posts0_.title as title6_0_ from posts posts0_
>>>>>> createDate=2020-07-15T00:16:10.470336, modifiedDate=2020-07-15T00:16:10.470336
Hibernate: select posts0_.id as id1_0_, posts0_.created_date as created_2_0_, posts0_.modified_date as modified3_0_, posts0_.author as author4_0_, posts0_.content as content5_0_, posts0_.title as title6_0_ from posts posts0_
Hibernate: delete from posts where id=?
]]></system-out>
  <system-err><![CDATA[]]></system-err>
</testsuite>
