<?xml version="1.0" encoding="UTF-8"?>
<testsuite name="com.dhk.tutorial.web.IndexControllerTest" tests="1" skipped="0" failures="0" errors="0" timestamp="2020-07-20T13:35:00" hostname="LAPTOP-79S2IK6R" time="0.377">
  <properties/>
  <testcase name="메인페이지_로딩" classname="com.dhk.tutorial.web.IndexControllerTest" time="0.377"/>
  <system-out><![CDATA[2020-07-20 22:34:55.409  INFO 13708 --- [    Test worker] .b.t.c.SpringBootTestContextBootstrapper : Neither @ContextConfiguration nor @ContextHierarchy found for test class [com.dhk.tutorial.web.IndexControllerTest], using SpringBootContextLoader
2020-07-20 22:34:55.411  INFO 13708 --- [    Test worker] o.s.t.c.support.AbstractContextLoader    : Could not detect default resource locations for test class [com.dhk.tutorial.web.IndexControllerTest]: no resource found for suffixes {-context.xml, Context.groovy}.
2020-07-20 22:34:55.411  INFO 13708 --- [    Test worker] t.c.s.AnnotationConfigContextLoaderUtils : Could not detect default configuration classes for test class [com.dhk.tutorial.web.IndexControllerTest]: IndexControllerTest does not declare any static, non-private, non-final, nested classes annotated with @Configuration.
2020-07-20 22:34:55.413  INFO 13708 --- [    Test worker] .b.t.c.SpringBootTestContextBootstrapper : Found @SpringBootConfiguration com.dhk.tutorial.Application for test class com.dhk.tutorial.web.IndexControllerTest
2020-07-20 22:34:55.414  INFO 13708 --- [    Test worker] .b.t.c.SpringBootTestContextBootstrapper : Loaded default TestExecutionListener class names from location [META-INF/spring.factories]: [org.springframework.security.test.context.support.WithSecurityContextTestExecutionListener, org.springframework.security.test.context.support.ReactorContextTestExecutionListener, org.springframework.boot.test.autoconfigure.restdocs.RestDocsTestExecutionListener, org.springframework.boot.test.autoconfigure.web.client.MockRestServiceServerResetTestExecutionListener, org.springframework.boot.test.autoconfigure.web.servlet.MockMvcPrintOnlyOnFailureTestExecutionListener, org.springframework.boot.test.autoconfigure.web.servlet.WebDriverTestExecutionListener, org.springframework.boot.test.mock.mockito.MockitoTestExecutionListener, org.springframework.boot.test.mock.mockito.ResetMocksTestExecutionListener, org.springframework.test.context.web.ServletTestExecutionListener, org.springframework.test.context.support.DirtiesContextBeforeModesTestExecutionListener, org.springframework.test.context.support.DependencyInjectionTestExecutionListener, org.springframework.test.context.support.DirtiesContextTestExecutionListener, org.springframework.test.context.transaction.TransactionalTestExecutionListener, org.springframework.test.context.jdbc.SqlScriptsTestExecutionListener]
2020-07-20 22:34:55.415  INFO 13708 --- [    Test worker] .b.t.c.SpringBootTestContextBootstrapper : Using TestExecutionListeners: [org.springframework.test.context.web.ServletTestExecutionListener@1eafa9c, org.springframework.test.context.support.DirtiesContextBeforeModesTestExecutionListener@442619c7, org.springframework.boot.test.mock.mockito.MockitoTestExecutionListener@2cf35d88, org.springframework.boot.test.autoconfigure.SpringBootDependencyInjectionTestExecutionListener@63f809ec, org.springframework.test.context.support.DirtiesContextTestExecutionListener@35102115, org.springframework.test.context.transaction.TransactionalTestExecutionListener@410cfe51, org.springframework.test.context.jdbc.SqlScriptsTestExecutionListener@77a5f4e5, org.springframework.security.test.context.support.WithSecurityContextTestExecutionListener@54b13494, org.springframework.security.test.context.support.ReactorContextTestExecutionListener@609daf9e, org.springframework.boot.test.autoconfigure.restdocs.RestDocsTestExecutionListener@46452baa, org.springframework.boot.test.autoconfigure.web.client.MockRestServiceServerResetTestExecutionListener@1e9ffd5b, org.springframework.boot.test.autoconfigure.web.servlet.MockMvcPrintOnlyOnFailureTestExecutionListener@43576f88, org.springframework.boot.test.autoconfigure.web.servlet.WebDriverTestExecutionListener@4e3bd923, org.springframework.boot.test.mock.mockito.ResetMocksTestExecutionListener@214ca335]

  .   ____          _            __ _ _
 /\\ / ___'_ __ _ _(_)_ __  __ _ \ \ \ \
( ( )\___ | '_ | '_| | '_ \/ _` | \ \ \ \
 \\/  ___)| |_)| | | | | || (_| |  ) ) ) )
  '  |____| .__|_| |_|_| |_\__, | / / / /
 =========|_|==============|___/=/_/_/_/
 :: Spring Boot ::        (v2.1.7.RELEASE)

2020-07-20 22:34:55.450  INFO 13708 --- [    Test worker] c.dhk.tutorial.web.IndexControllerTest   : Starting IndexControllerTest on LAPTOP-79S2IK6R with PID 13708 (started by bkuek in D:\springboot-webservice2)
2020-07-20 22:34:55.450  INFO 13708 --- [    Test worker] c.dhk.tutorial.web.IndexControllerTest   : The following profiles are active: oauth
2020-07-20 22:34:56.999  INFO 13708 --- [    Test worker] .s.d.r.c.RepositoryConfigurationDelegate : Bootstrapping Spring Data repositories in DEFAULT mode.
2020-07-20 22:34:57.025  INFO 13708 --- [    Test worker] .s.d.r.c.RepositoryConfigurationDelegate : Finished Spring Data repository scanning in 26ms. Found 2 repository interfaces.
2020-07-20 22:34:57.354  INFO 13708 --- [    Test worker] trationDelegate$BeanPostProcessorChecker : Bean 'org.springframework.transaction.annotation.ProxyTransactionManagementConfiguration' of type [org.springframework.transaction.annotation.ProxyTransactionManagementConfiguration$$EnhancerBySpringCGLIB$$ead777b3] is not eligible for getting processed by all BeanPostProcessors (for example: not eligible for auto-proxying)
2020-07-20 22:34:57.912  INFO 13708 --- [    Test worker] o.s.b.w.embedded.tomcat.TomcatWebServer  : Tomcat initialized with port(s): 0 (http)
2020-07-20 22:34:57.990  INFO 13708 --- [    Test worker] o.apache.catalina.core.StandardService   : Starting service [Tomcat]
2020-07-20 22:34:57.991  INFO 13708 --- [    Test worker] org.apache.catalina.core.StandardEngine  : Starting Servlet engine: [Apache Tomcat/9.0.22]
2020-07-20 22:34:58.437  INFO 13708 --- [    Test worker] o.a.c.c.C.[Tomcat].[localhost].[/]       : Initializing Spring embedded WebApplicationContext
2020-07-20 22:34:58.437  INFO 13708 --- [    Test worker] o.s.web.context.ContextLoader            : Root WebApplicationContext: initialization completed in 2985 ms
2020-07-20 22:34:58.695  INFO 13708 --- [    Test worker] com.zaxxer.hikari.HikariDataSource       : HikariPool-2 - Starting...
2020-07-20 22:34:58.697  INFO 13708 --- [    Test worker] com.zaxxer.hikari.HikariDataSource       : HikariPool-2 - Start completed.
2020-07-20 22:34:58.756  INFO 13708 --- [    Test worker] o.hibernate.jpa.internal.util.LogHelper  : HHH000204: Processing PersistenceUnitInfo [
	name: default
	...]
2020-07-20 22:34:58.772  INFO 13708 --- [    Test worker] org.hibernate.dialect.Dialect            : HHH000400: Using dialect: org.hibernate.dialect.MySQL5InnoDBDialect
Hibernate: drop table if exists posts
Hibernate: drop table if exists user
Hibernate: create table posts (id bigint not null auto_increment, created_date datetime, modified_date datetime, author varchar(255), content TEXT not null, title varchar(500) not null, primary key (id)) engine=InnoDB
Hibernate: create table user (id bigint not null auto_increment, email varchar(255) not null, name varchar(255) not null, picture varchar(255), roles varchar(255), primary key (id)) engine=InnoDB
2020-07-20 22:34:58.902  INFO 13708 --- [    Test worker] o.h.t.schema.internal.SchemaCreatorImpl  : HHH000476: Executing import script 'org.hibernate.tool.schema.internal.exec.ScriptSourceInputNonExistentImpl@49776938'
2020-07-20 22:34:58.902  INFO 13708 --- [    Test worker] j.LocalContainerEntityManagerFactoryBean : Initialized JPA EntityManagerFactory for persistence unit 'default'
2020-07-20 22:34:59.274  INFO 13708 --- [    Test worker] o.h.h.i.QueryTranslatorFactoryInitiator  : HHH000397: Using ASTQueryTranslatorFactory
2020-07-20 22:34:59.453  INFO 13708 --- [    Test worker] o.s.s.web.DefaultSecurityFilterChain     : Creating filter chain: any request, [org.springframework.security.web.context.request.async.WebAsyncManagerIntegrationFilter@22ea24dd, org.springframework.security.web.context.SecurityContextPersistenceFilter@bfb5200, org.springframework.security.web.header.HeaderWriterFilter@7b5182a0, org.springframework.security.web.authentication.logout.LogoutFilter@6ccbc351, org.springframework.security.oauth2.client.web.OAuth2AuthorizationRequestRedirectFilter@1ab29839, org.springframework.security.oauth2.client.web.OAuth2LoginAuthenticationFilter@4e0ca4e3, org.springframework.security.web.authentication.ui.DefaultLoginPageGeneratingFilter@3d71edad, org.springframework.security.web.authentication.ui.DefaultLogoutPageGeneratingFilter@6b46ec5, org.springframework.security.web.savedrequest.RequestCacheAwareFilter@5c07316b, org.springframework.security.web.servletapi.SecurityContextHolderAwareRequestFilter@2bb4ecc9, org.springframework.security.web.authentication.AnonymousAuthenticationFilter@8494d7a, org.springframework.security.web.session.SessionManagementFilter@5da97f45, org.springframework.security.web.access.ExceptionTranslationFilter@5a21a15d, org.springframework.security.web.access.intercept.FilterSecurityInterceptor@499dace1]
2020-07-20 22:34:59.682  INFO 13708 --- [    Test worker] o.s.s.concurrent.ThreadPoolTaskExecutor  : Initializing ExecutorService 'applicationTaskExecutor'
2020-07-20 22:34:59.698  WARN 13708 --- [    Test worker] aWebConfiguration$JpaWebMvcConfiguration : spring.jpa.open-in-view is enabled by default. Therefore, database queries may be performed during view rendering. Explicitly configure spring.jpa.open-in-view to disable this warning
2020-07-20 22:34:59.731  INFO 13708 --- [    Test worker] o.s.b.a.w.s.WelcomePageHandlerMapping    : Adding welcome page template: index
2020-07-20 22:35:00.258  INFO 13708 --- [    Test worker] s.a.ScheduledAnnotationBeanPostProcessor : No TaskScheduler/ScheduledExecutorService bean found for scheduled processing
2020-07-20 22:35:00.292  INFO 13708 --- [    Test worker] o.s.b.w.embedded.tomcat.TomcatWebServer  : Tomcat started on port(s): 50251 (http) with context path ''
2020-07-20 22:35:00.293  INFO 13708 --- [    Test worker] c.dhk.tutorial.web.IndexControllerTest   : Started IndexControllerTest in 4.876 seconds (JVM running for 21.31)
2020-07-20 22:35:00.410  INFO 13708 --- [o-auto-1-exec-1] o.a.c.c.C.[Tomcat].[localhost].[/]       : Initializing Spring DispatcherServlet 'dispatcherServlet'
2020-07-20 22:35:00.411  INFO 13708 --- [o-auto-1-exec-1] o.s.web.servlet.DispatcherServlet        : Initializing Servlet 'dispatcherServlet'
2020-07-20 22:35:00.438  INFO 13708 --- [o-auto-1-exec-1] o.s.web.servlet.DispatcherServlet        : Completed initialization in 27 ms
Hibernate: select posts0_.id as id1_0_, posts0_.created_date as created_2_0_, posts0_.modified_date as modified3_0_, posts0_.author as author4_0_, posts0_.content as content5_0_, posts0_.title as title6_0_ from posts posts0_ order by posts0_.id DESC
]]></system-out>
  <system-err><![CDATA[]]></system-err>
</testsuite>
